<?xml version="1.0" encoding="UTF-8"?>
<!-- Generated by org.testng.reporters.JUnitReportReporter -->
<testsuite hostname="C02YX249LVCG" failures="0" tests="1" name="com.training.test.SfdcLoginTest" time="4.133" errors="0" timestamp="20 Nov 2022 02:25:51 GMT" skipped="0">
  <testcase classname="com.training.test.SfdcLoginTest" name="TC4BvalidateLoginError" time="4.133"/>
</testsuite> <!-- com.training.test.SfdcLoginTest -->
