<?xml version="1.0" encoding="UTF-8"?>
<!-- Generated by org.testng.reporters.JUnitReportReporter -->
<testsuite hostname="C02YX249LVCG" failures="0" tests="1" name="com.training.test.LoginTest" time="6.688" errors="0" timestamp="07 Nov 2022 03:11:29 GMT" skipped="0">
  <testcase classname="com.training.test.LoginTest" name="LoginValidUsernamePassword" time="6.688"/>
</testsuite> <!-- com.training.test.LoginTest -->
