<?xml version="1.0" encoding="UTF-8"?>
<!-- Generated by org.testng.reporters.JUnitReportReporter -->
<testsuite hostname="C02YX249LVCG" failures="0" tests="1" name="com.training.test.CreateOpty" time="12.548" errors="0" timestamp="20 Nov 2022 05:31:10 GMT" skipped="0">
  <testcase classname="com.training.test.CreateOpty" name="TC17TestOpportunityPipelineReport" time="12.548"/>
</testsuite> <!-- com.training.test.CreateOpty -->
