<?xml version="1.0" encoding="UTF-8"?>
<!-- Generated by org.testng.reporters.JUnitReportReporter -->
<testsuite hostname="C02YX249LVCG" failures="0" tests="1" name="com.training.test.LeadsTest" time="14.336" errors="0" timestamp="17 Nov 2022 05:28:43 GMT" skipped="0">
  <testcase classname="com.training.test.LeadsTest" name="TC24NewLeadsButton" time="14.336"/>
</testsuite> <!-- com.training.test.LeadsTest -->
