<?xml version="1.0" encoding="UTF-8"?>
<!-- Generated by org.testng.reporters.JUnitReportReporter -->
<testsuite hostname="C02YX249LVCG" failures="0" tests="1" name="com.training.test.ContactsTest" time="11.278" errors="0" timestamp="22 Nov 2022 02:06:47 GMT" skipped="0">
  <testcase classname="com.training.test.ContactsTest" name="TC32CheckSaveAndNewButtonWorks" time="11.278"/>
</testsuite> <!-- com.training.test.ContactsTest -->
