<?xml version="1.0" encoding="UTF-8"?>
<!-- Generated by org.testng.reporters.JUnitReportReporter -->
<testsuite hostname="C02YX249LVCG" failures="0" tests="1" name="com.training.test.HomeUserMenudropDownTest" time="9.038" errors="0" timestamp="15 Nov 2022 17:22:34 GMT" skipped="0">
  <testcase classname="com.training.test.HomeUserMenudropDownTest" name="TC08clickOnDeveloperConsole" time="9.038"/>
</testsuite> <!-- com.training.test.HomeUserMenudropDownTest -->
