<?xml version="1.0" encoding="UTF-8"?>
<!-- Generated by org.testng.reporters.JUnitReportReporter -->
<testsuite hostname="C02YX249LVCG" failures="0" tests="1" name="com.training.test.DeveloperConsoleFromUserMenuTest" time="19.048" errors="0" timestamp="08 Nov 2022 01:30:51 GMT" skipped="0">
  <testcase classname="com.training.test.DeveloperConsoleFromUserMenuTest" name="clickOnDeveloperConsole" time="19.048"/>
</testsuite> <!-- com.training.test.DeveloperConsoleFromUserMenuTest -->
