<?xml version="1.0" encoding="UTF-8"?>
<!-- Generated by org.testng.reporters.JUnitReportReporter -->
<testsuite hostname="C02YX249LVCG" failures="0" tests="1" name="com.training.test.UserMenuDropDownTest" time="7.377" errors="0" timestamp="07 Nov 2022 22:14:09 GMT" skipped="0">
  <testcase classname="com.training.test.UserMenuDropDownTest" name="selectUserMenuForUsernameDropDown" time="7.377"/>
</testsuite> <!-- com.training.test.UserMenuDropDownTest -->
