<?xml version="1.0" encoding="UTF-8"?>
<!-- Generated by org.testng.reporters.JUnitReportReporter -->
<testsuite hostname="C02YX249LVCG" failures="0" tests="1" name="com.training.test.RandomScenariosTest" time="15.233" errors="0" timestamp="22 Nov 2022 17:19:44 GMT" skipped="0">
  <testcase classname="com.training.test.RandomScenariosTest" name="TC37BlockingAnEventWithWeeklyReOccurence" time="15.233"/>
</testsuite> <!-- com.training.test.RandomScenariosTest -->
